INFO:custom_logger:Request: GET http://localhost:8000/docs
INFO:custom_logger:Response: 200
INFO:custom_logger:Request: GET http://localhost:8000/openapi.json
INFO:custom_logger:Response: 200
INFO:custom_logger:Request: GET http://localhost:8000/items/?skip=0&limit=100
INFO:custom_logger:Response: 200
2025-07-07 16:31:30,188 - INFO - Request: POST http://localhost:8000/items/
2025-07-07 16:31:30,188 - INFO - [요청 본문] {
  "title": "더미에요",
  "description": "더미디스크립션이에요",
  "is_active": true
}
2025-07-07 16:31:30,195 - INFO - Response: 201
2025-07-07 16:31:30,203 - INFO - [응답 본문] {"title":"더미에요","description":"더미디스크립션이에요","is_active":true,"id":14,"created_at":"2025-07-07T07:31:30"}
2025-07-07 16:34:23,104 - INFO - Request: GET http://localhost:8000/items/14
2025-07-07 16:34:23,107 - INFO - Response: 200
2025-07-07 16:34:23,107 - INFO - [응답 본문] {"title":"더미에요","description":"더미디스크립션이에요","is_active":true,"id":14,"created_at":"2025-07-07T07:31:30"}
2025-07-07 16:34:28,549 - INFO - Request: GET http://localhost:8000/items/166
2025-07-07 16:34:28,551 - INFO - Response: 404
2025-07-07 16:34:28,552 - INFO - [응답 본문] {"detail":"Item with id 166 not found","status_code":404}
2025-07-07 16:36:24,767 - INFO - Request: GET http://127.0.0.1:8000/docs
2025-07-07 16:36:24,767 - INFO - Response: 200
2025-07-07 16:36:24,767 - INFO - [응답 본문] 
    <!DOCTYPE html>
    <html>
    <head>
    <link type="text/css" rel="stylesheet" href="https://cdn.jsdelivr.net/npm/swagger-ui-dist@5.9.0/swagger-ui.css">
    <link rel="shortcut icon" href="https://fastapi.tiangolo.com/img/favicon.png">
    <title>Item API - Swagger UI</title>
    </head>
    <body>
    <div id="swagger-ui">
    </div>
    <script src="https://cdn.jsdelivr.net/npm/swagger-ui-dist@5.9.0/swagger-ui-bundle.js"></script>
    <!-- `SwaggerUIBundle` is now available on the page -->
    <script>
    const ui = SwaggerUIBundle({
        url: '/openapi.json',
    "dom_id": "#swagger-ui",
"layout": "BaseLayout",
"deepLinking": true,
"showExtensions": true,
"showCommonExtensions": true,
oauth2RedirectUrl: window.location.origin + '/docs/oauth2-redirect',
    presets: [
        SwaggerUIBundle.presets.apis,
        SwaggerUIBundle.SwaggerUIStandalonePreset
        ],
    })
    </script>
    </body>
    </html>
    
2025-07-07 16:36:24,811 - INFO - Request: GET http://127.0.0.1:8000/openapi.json
2025-07-07 16:36:24,817 - INFO - Response: 200
2025-07-07 16:36:24,817 - INFO - [응답 본문] {"openapi":"3.1.0","info":{"title":"Item API","description":"FastAPI로 구현된 CRUD API","version":"1.0.0"},"paths":{"/items/":{"get":{"tags":["Items"],"summary":"아이템 목록 조회","description":"전체 아이템 목록을 조회합니다.","operationId":"read_items_items__get","parameters":[{"required":false,"schema":{"type":"integer","title":"Skip","default":0},"name":"skip","in":"query"},{"required":false,"schema":{"type":"integer","title":"Limit","default":100},"name":"limit","in":"query"}],"responses":{"200":{"description":"Successful Response","content":{"application/json":{"schema":{"items":{"$ref":"#/components/schemas/Item"},"type":"array","title":"Response Read Items Items  Get"}}}},"422":{"description":"Validation Error","content":{"application/json":{"schema":{"$ref":"#/components/schemas/HTTPValidationError"}}}}}},"post":{"tags":["Items"],"summary":"새 아이템 생성","description":"새로운 아이템을 생성합니다.","operationId":"create_item_items__post","requestBody":{"content":{"application/json":{"schema":{"$ref":"#/components/schemas/ItemCreate"}}},"required":true},"responses":{"201":{"description":"Successful Response","content":{"application/json":{"schema":{"$ref":"#/components/schemas/Item"}}}},"409":{"description":"중복 제목","content":{"application/json":{"schema":{"$ref":"#/components/schemas/ConflictError"}}}},"422":{"description":"유효성 검증 실패","content":{"application/json":{"schema":{"$ref":"#/components/schemas/ValidationErrorResponse"}}}}}}},"/items/{item_id}":{"get":{"tags":["Items"],"summary":"특정 아이템 조회","description":"ID로 아이템을 조회합니다.","operationId":"read_item_items__item_id__get","parameters":[{"required":true,"schema":{"type":"integer","title":"Item Id"},"name":"item_id","in":"path"}],"responses":{"200":{"description":"Successful Response","content":{"application/json":{"schema":{"$ref":"#/components/schemas/Item"}}}},"404":{"description":"아이템 없음","content":{"application/json":{"schema":{"$ref":"#/components/schemas/HTTPError"}}}},"422":{"description":"Validation Error","content":{"application/json":{"schema":{"$ref":"#/components/schemas/HTTPValidationError"}}}}}},"put":{"tags":["Items"],"summary":"아이템 수정","description":"아이템을 수정합니다.","operationId":"update_item_items__item_id__put","parameters":[{"required":true,"schema":{"type":"integer","title":"Item Id"},"name":"item_id","in":"path"}],"requestBody":{"content":{"application/json":{"schema":{"$ref":"#/components/schemas/ItemUpdate"}}},"required":true},"responses":{"200":{"description":"Successful Response","content":{"application/json":{"schema":{"$ref":"#/components/schemas/Item"}}}},"404":{"description":"Not Found","content":{"application/json":{"schema":{"$ref":"#/components/schemas/HTTPError"}}}},"409":{"description":"Conflict","content":{"application/json":{"schema":{"$ref":"#/components/schemas/ConflictError"}}}},"422":{"description":"Validation Error","content":{"application/json":{"schema":{"$ref":"#/components/schemas/HTTPValidationError"}}}}}},"delete":{"tags":["Items"],"summary":"아이템 삭제","description":"아이템을 삭제합니다.","operationId":"delete_item_items__item_id__delete","parameters":[{"required":true,"schema":{"type":"integer","title":"Item Id"},"name":"item_id","in":"path"}],"responses":{"204":{"description":"Successful Response"},"404":{"description":"Not Found","content":{"application/json":{"schema":{"$ref":"#/components/schemas/HTTPError"}}}},"422":{"description":"Validation Error","content":{"application/json":{"schema":{"$ref":"#/components/schemas/HTTPValidationError"}}}}}},"patch":{"tags":["Items"],"summary":"아이템 부분 수정","description":"아이템을 부분 수정합니다.","operationId":"patch_item_items__item_id__patch","parameters":[{"required":true,"schema":{"type":"integer","title":"Item Id"},"name":"item_id","in":"path"}],"requestBody":{"content":{"application/json":{"schema":{"$ref":"#/components/schemas/ItemUpdate"}}},"required":true},"responses":{"200":{"description":"Successful Response","content":{"application/json":{"schema":{"$ref":"#/components/schemas/Item"}}}},"404":{"description":"Not Found","content":{"application/json":{"schema":{"$ref":"#/components/schemas/HTTPError"}}}},"409":{"description":"Conflict","content":{"application/json":{"schema":{"$ref":"#/components/schemas/ConflictError"}}}},"422":{"description":"Validation Error","content":{"application/json":{"schema":{"$ref":"#/components/schemas/HTTPValidationError"}}}}}}}},"components":{"schemas":{"ConflictError":{"properties":{"detail":{"type":"string","title":"Detail"},"status_code":{"type":"integer","title":"Status Code","default":409}},"type":"object","required":["detail"],"title":"ConflictError"},"HTTPError":{"properties":{"detail":{"type":"string","title":"Detail"},"status_code":{"type":"integer","title":"Status Code"}},"type":"object","required":["detail","status_code"],"title":"HTTPError"},"HTTPValidationError":{"properties":{"detail":{"items":{"$ref":"#/components/schemas/ValidationError"},"type":"array","title":"Detail"}},"type":"object","title":"HTTPValidationError"},"Item":{"properties":{"title":{"type":"string","title":"Title","description":"아이템의 제목"},"description":{"type":"string","title":"Description","description":"아이템에 대한 상세 설명"},"is_active":{"type":"boolean","title":"Is Active","description":"아이템 활성화 상태","default":true},"id":{"type":"integer","title":"Id","description":"아이템의 고유 ID"},"created_at":{"type":"string","format":"date-time","title":"Created At","description":"아이템 생성 시간"}},"additionalProperties":false,"type":"object","required":["title","id","created_at"],"title":"Item"},"ItemCreate":{"properties":{"title":{"type":"string","title":"Title","description":"아이템의 제목"},"description":{"type":"string","title":"Description","description":"아이템에 대한 상세 설명"},"is_active":{"type":"boolean","title":"Is Active","description":"아이템 활성화 상태","default":true}},"additionalProperties":false,"type":"object","required":["title"],"title":"ItemCreate"},"ItemUpdate":{"properties":{"title":{"type":"string","title":"Title","description":"업데이트할 아이템의 제목"},"description":{"type":"string","title":"Description","description":"업데이트할 아이템의 상세 설명"},"is_active":{"type":"boolean","title":"Is Active","description":"업데이트할 아이템의 활성화 상태"}},"additionalProperties":false,"type":"object","title":"ItemUpdate"},"ValidationError":{"properties":{"loc":{"items":{"anyOf":[{"type":"string"},{"type":"integer"}]},"type":"array","title":"Location"},"msg":{"type":"string","title":"Message"},"type":{"type":"string","title":"Error Type"}},"type":"object","required":["loc","msg","type"],"title":"ValidationError"},"ValidationErrorDetail":{"properties":{"loc":{"items":{"type":"string"},"type":"array","title":"Loc"},"msg":{"type":"string","title":"Msg"},"type":{"type":"string","title":"Type"}},"type":"object","required":["loc","msg","type"],"title":"ValidationErrorDetail"},"ValidationErrorResponse":{"properties":{"detail":{"items":{"$ref":"#/components/schemas/ValidationErrorDetail"},"type":"array","title":"Detail"},"message":{"type":"string","title":"Message"}},"type":"object","required":["detail","message"],"title":"ValidationErrorResponse"}}},"tags":[{"name":"Items","description":"아이템 관리 API"}]}
2025-07-07 16:37:05,577 - INFO - Request: GET http://localhost:8000/docs
2025-07-07 16:37:05,577 - INFO - Response: 200
2025-07-07 16:37:05,577 - INFO - [응답 본문] 
    <!DOCTYPE html>
    <html>
    <head>
    <link type="text/css" rel="stylesheet" href="https://cdn.jsdelivr.net/npm/swagger-ui-dist@5.9.0/swagger-ui.css">
    <link rel="shortcut icon" href="https://fastapi.tiangolo.com/img/favicon.png">
    <title>Item API - Swagger UI</title>
    </head>
    <body>
    <div id="swagger-ui">
    </div>
    <script src="https://cdn.jsdelivr.net/npm/swagger-ui-dist@5.9.0/swagger-ui-bundle.js"></script>
    <!-- `SwaggerUIBundle` is now available on the page -->
    <script>
    const ui = SwaggerUIBundle({
        url: '/openapi.json',
    "dom_id": "#swagger-ui",
"layout": "BaseLayout",
"deepLinking": true,
"showExtensions": true,
"showCommonExtensions": true,
oauth2RedirectUrl: window.location.origin + '/docs/oauth2-redirect',
    presets: [
        SwaggerUIBundle.presets.apis,
        SwaggerUIBundle.SwaggerUIStandalonePreset
        ],
    })
    </script>
    </body>
    </html>
    
2025-07-07 16:37:05,633 - INFO - Request: GET http://localhost:8000/openapi.json
2025-07-07 16:37:05,633 - INFO - Response: 200
2025-07-07 16:37:05,633 - INFO - [응답 본문] {"openapi":"3.1.0","info":{"title":"Item API","description":"FastAPI로 구현된 CRUD API","version":"1.0.0"},"paths":{"/items/":{"get":{"tags":["Items"],"summary":"아이템 목록 조회","description":"전체 아이템 목록을 조회합니다.","operationId":"read_items_items__get","parameters":[{"required":false,"schema":{"type":"integer","title":"Skip","default":0},"name":"skip","in":"query"},{"required":false,"schema":{"type":"integer","title":"Limit","default":100},"name":"limit","in":"query"}],"responses":{"200":{"description":"Successful Response","content":{"application/json":{"schema":{"items":{"$ref":"#/components/schemas/Item"},"type":"array","title":"Response Read Items Items  Get"}}}},"422":{"description":"Validation Error","content":{"application/json":{"schema":{"$ref":"#/components/schemas/HTTPValidationError"}}}}}},"post":{"tags":["Items"],"summary":"새 아이템 생성","description":"새로운 아이템을 생성합니다.","operationId":"create_item_items__post","requestBody":{"content":{"application/json":{"schema":{"$ref":"#/components/schemas/ItemCreate"}}},"required":true},"responses":{"201":{"description":"Successful Response","content":{"application/json":{"schema":{"$ref":"#/components/schemas/Item"}}}},"409":{"description":"중복 제목","content":{"application/json":{"schema":{"$ref":"#/components/schemas/ConflictError"}}}},"422":{"description":"유효성 검증 실패","content":{"application/json":{"schema":{"$ref":"#/components/schemas/ValidationErrorResponse"}}}}}}},"/items/{item_id}":{"get":{"tags":["Items"],"summary":"특정 아이템 조회","description":"ID로 아이템을 조회합니다.","operationId":"read_item_items__item_id__get","parameters":[{"required":true,"schema":{"type":"integer","title":"Item Id"},"name":"item_id","in":"path"}],"responses":{"200":{"description":"Successful Response","content":{"application/json":{"schema":{"$ref":"#/components/schemas/Item"}}}},"404":{"description":"아이템 없음","content":{"application/json":{"schema":{"$ref":"#/components/schemas/HTTPError"}}}},"422":{"description":"Validation Error","content":{"application/json":{"schema":{"$ref":"#/components/schemas/HTTPValidationError"}}}}}},"put":{"tags":["Items"],"summary":"아이템 수정","description":"아이템을 수정합니다.","operationId":"update_item_items__item_id__put","parameters":[{"required":true,"schema":{"type":"integer","title":"Item Id"},"name":"item_id","in":"path"}],"requestBody":{"content":{"application/json":{"schema":{"$ref":"#/components/schemas/ItemUpdate"}}},"required":true},"responses":{"200":{"description":"Successful Response","content":{"application/json":{"schema":{"$ref":"#/components/schemas/Item"}}}},"404":{"description":"Not Found","content":{"application/json":{"schema":{"$ref":"#/components/schemas/HTTPError"}}}},"409":{"description":"Conflict","content":{"application/json":{"schema":{"$ref":"#/components/schemas/ConflictError"}}}},"422":{"description":"Validation Error","content":{"application/json":{"schema":{"$ref":"#/components/schemas/HTTPValidationError"}}}}}},"delete":{"tags":["Items"],"summary":"아이템 삭제","description":"아이템을 삭제합니다.","operationId":"delete_item_items__item_id__delete","parameters":[{"required":true,"schema":{"type":"integer","title":"Item Id"},"name":"item_id","in":"path"}],"responses":{"204":{"description":"Successful Response"},"404":{"description":"Not Found","content":{"application/json":{"schema":{"$ref":"#/components/schemas/HTTPError"}}}},"422":{"description":"Validation Error","content":{"application/json":{"schema":{"$ref":"#/components/schemas/HTTPValidationError"}}}}}},"patch":{"tags":["Items"],"summary":"아이템 부분 수정","description":"아이템을 부분 수정합니다.","operationId":"patch_item_items__item_id__patch","parameters":[{"required":true,"schema":{"type":"integer","title":"Item Id"},"name":"item_id","in":"path"}],"requestBody":{"content":{"application/json":{"schema":{"$ref":"#/components/schemas/ItemUpdate"}}},"required":true},"responses":{"200":{"description":"Successful Response","content":{"application/json":{"schema":{"$ref":"#/components/schemas/Item"}}}},"404":{"description":"Not Found","content":{"application/json":{"schema":{"$ref":"#/components/schemas/HTTPError"}}}},"409":{"description":"Conflict","content":{"application/json":{"schema":{"$ref":"#/components/schemas/ConflictError"}}}},"422":{"description":"Validation Error","content":{"application/json":{"schema":{"$ref":"#/components/schemas/HTTPValidationError"}}}}}}}},"components":{"schemas":{"ConflictError":{"properties":{"detail":{"type":"string","title":"Detail"},"status_code":{"type":"integer","title":"Status Code","default":409}},"type":"object","required":["detail"],"title":"ConflictError"},"HTTPError":{"properties":{"detail":{"type":"string","title":"Detail"},"status_code":{"type":"integer","title":"Status Code"}},"type":"object","required":["detail","status_code"],"title":"HTTPError"},"HTTPValidationError":{"properties":{"detail":{"items":{"$ref":"#/components/schemas/ValidationError"},"type":"array","title":"Detail"}},"type":"object","title":"HTTPValidationError"},"Item":{"properties":{"title":{"type":"string","title":"Title","description":"아이템의 제목"},"description":{"type":"string","title":"Description","description":"아이템에 대한 상세 설명"},"is_active":{"type":"boolean","title":"Is Active","description":"아이템 활성화 상태","default":true},"id":{"type":"integer","title":"Id","description":"아이템의 고유 ID"},"created_at":{"type":"string","format":"date-time","title":"Created At","description":"아이템 생성 시간"}},"additionalProperties":false,"type":"object","required":["title","id","created_at"],"title":"Item"},"ItemCreate":{"properties":{"title":{"type":"string","title":"Title","description":"아이템의 제목"},"description":{"type":"string","title":"Description","description":"아이템에 대한 상세 설명"},"is_active":{"type":"boolean","title":"Is Active","description":"아이템 활성화 상태","default":true}},"additionalProperties":false,"type":"object","required":["title"],"title":"ItemCreate"},"ItemUpdate":{"properties":{"title":{"type":"string","title":"Title","description":"업데이트할 아이템의 제목"},"description":{"type":"string","title":"Description","description":"업데이트할 아이템의 상세 설명"},"is_active":{"type":"boolean","title":"Is Active","description":"업데이트할 아이템의 활성화 상태"}},"additionalProperties":false,"type":"object","title":"ItemUpdate"},"ValidationError":{"properties":{"loc":{"items":{"anyOf":[{"type":"string"},{"type":"integer"}]},"type":"array","title":"Location"},"msg":{"type":"string","title":"Message"},"type":{"type":"string","title":"Error Type"}},"type":"object","required":["loc","msg","type"],"title":"ValidationError"},"ValidationErrorDetail":{"properties":{"loc":{"items":{"type":"string"},"type":"array","title":"Loc"},"msg":{"type":"string","title":"Msg"},"type":{"type":"string","title":"Type"}},"type":"object","required":["loc","msg","type"],"title":"ValidationErrorDetail"},"ValidationErrorResponse":{"properties":{"detail":{"items":{"$ref":"#/components/schemas/ValidationErrorDetail"},"type":"array","title":"Detail"},"message":{"type":"string","title":"Message"}},"type":"object","required":["detail","message"],"title":"ValidationErrorResponse"}}},"tags":[{"name":"Items","description":"아이템 관리 API"}]}
